<?xml version="1.0" encoding="UTF-8"?>
<testsuite xmlns:xsi="http://www.w3.org/2001/XMLSchema-instance" xsi:noNamespaceSchemaLocation="https://maven.apache.org/surefire/maven-surefire-plugin/xsd/surefire-test-report-3.0.xsd" version="3.0" name="com.bankpro.BankProApplicationTests" time="1.229" tests="1" errors="0" skipped="0" failures="0">
  <properties>
[...]
</properties>
  <testcase name="contextLoads" classname="com.bankpro.BankProApplicationTests" time="0.347">
    <system-out><![CDATA[19:34:39.674 [main] INFO org.springframework.test.context.support.AnnotationConfigContextLoaderUtils -- Could not detect default configuration classes for test class [com.bankpro.BankProApplicationTests]: BankProApplicationTests does not declare any static, non-private, non-final, nested classes annotated with @Configuration.
19:34:39.726 [main] INFO org.springframework.boot.test.context.SpringBootTestContextBootstrapper -- Found @SpringBootConfiguration com.bankpro.BankProApplication for test class com.bankpro.BankProApplicationTests

  .   ____          _            __ _ _
 /\\ / ___'_ __ _ _(_)_ __  __ _ \ \ \ \
( ( )\___ | '_ | '_| | '_ \/ _` | \ \ \ \
 \\/  ___)| |_)| | | | | || (_| |  ) ) ) )
  '  |____| .__|_| |_|_| |_\__, | / / / /
 =========|_|==============|___/=/_/_/_/

 :: Spring Boot ::                (v3.3.5)

2026-08-31T19:34:39.881+05:30  INFO 60473 --- [bankpro-banking-app] [           main] com.bankpro.BankProApplicationTests      : Starting BankProApplicationTests using Java 25.0.1 with PID 60473 (started by saismac in /Users/saismac/Desktop/Simplylearn/CapstoneProject/BankPro-MultiCloud-Deployment)
2026-08-31T19:34:39.882+05:30  INFO 60473 --- [bankpro-banking-app] [           main] com.bankpro.BankProApplicationTests      : No active profile set, falling back to 1 default profile: "default"
2026-08-31T19:34:40.484+05:30  INFO 60473 --- [bankpro-banking-app] [           main] com.bankpro.BankProApplicationTests      : Started BankProApplicationTests in 0.703 seconds (process running for 1.087)
]]></system-out>
    <system-err><![CDATA[WARNING: A Java agent has been loaded dynamically (/Users/saismac/.m2/repository/net/bytebuddy/byte-buddy-agent/1.14.19/byte-buddy-agent-1.14.19.jar)
WARNING: If a serviceability tool is in use, please run with -XX:+EnableDynamicAgentLoading to hide this warning
WARNING: If a serviceability tool is not in use, please run with -Djdk.instrument.traceUsage for more information
WARNING: Dynamic loading of agents will be disallowed by default in a future release
]]></system-err>
  </testcase>
</testsuite>